<?xml version="1.0" encoding="UTF-8"?>
<!-- Generated by org.testng.reporters.JUnitReportReporter -->
<testsuite hostname="kreios-Aspire-E1-570G" failures="0" tests="1" name="tests.searchapartment.SearchApartmentTest" time="20.542" errors="0" timestamp="25 мар. 2022 15:12:37 GMT" skipped="0">
  <testcase classname="tests.searchapartment.SearchApartmentTest" name="showFlats" time="20.542"/>
</testsuite> <!-- tests.searchapartment.SearchApartmentTest -->
